2017-10-09 00:43:26,378  INFO [AWT-EventQueue-0] - buttonLogger.actionPerformed 35 - Draw Clicked
2017-10-09 00:43:27,315  INFO [AWT-EventQueue-0] - buttonLogger.actionPerformed 40 - Play Clicked
2017-10-09 00:45:05,718  INFO [AWT-EventQueue-0] - buttonLogger.actionPerformed 35 - Draw Clicked
2017-10-09 00:45:40,995  INFO [AWT-EventQueue-0] - buttonLogger.actionPerformed 35 - Draw Clicked
2017-10-09 00:45:42,682  INFO [AWT-EventQueue-0] - buttonLogger.actionPerformed 40 - Play Clicked
2017-10-09 00:46:44,437  INFO [AWT-EventQueue-0] - buttonLogger.actionPerformed 35 - Draw Clicked
2017-10-09 00:47:09,780  INFO [AWT-EventQueue-0] - buttonLogger.actionPerformed 35 - Draw Clicked
2017-10-09 00:47:14,369  INFO [AWT-EventQueue-0] - buttonLogger.actionPerformed 40 - Play Clicked
2017-10-09 00:54:44,936  INFO [AWT-EventQueue-0] - buttonLogger.actionPerformed 35 - Draw Clicked
2017-10-09 00:54:45,507  INFO [AWT-EventQueue-0] - buttonLogger.actionPerformed 40 - Play Clicked
2017-10-09 00:54:58,453  INFO [AWT-EventQueue-0] - buttonLogger.actionPerformed 35 - Draw Clicked
2017-10-09 00:54:58,896  INFO [AWT-EventQueue-0] - buttonLogger.actionPerformed 35 - Draw Clicked
2017-10-09 01:02:54,862  INFO [AWT-EventQueue-0] - buttonLogger.actionPerformed 35 - Draw Clicked
2017-10-09 01:03:55,001  INFO [AWT-EventQueue-0] - buttonLogger.actionPerformed 35 - Draw Clicked
2017-10-09 01:04:01,175  INFO [AWT-EventQueue-0] - buttonLogger.actionPerformed 40 - Play Clicked
2017-10-09 01:10:46,432  INFO [AWT-EventQueue-0] - buttonLogger.actionPerformed 35 - Draw Clicked
2017-10-09 01:17:33,591  INFO [AWT-EventQueue-0] - buttonLogger.actionPerformed 35 - Draw Clicked
2017-10-09 01:18:00,305  INFO [AWT-EventQueue-0] - buttonLogger.actionPerformed 35 - Draw Clicked
2017-10-09 01:18:00,959  INFO [AWT-EventQueue-0] - buttonLogger.actionPerformed 35 - Draw Clicked
2017-10-09 01:18:01,377  INFO [AWT-EventQueue-0] - buttonLogger.actionPerformed 35 - Draw Clicked
2017-10-09 01:18:12,621  INFO [AWT-EventQueue-0] - buttonLogger.actionPerformed 35 - Draw Clicked
2017-10-09 01:18:33,415  INFO [AWT-EventQueue-0] - buttonLogger.actionPerformed 35 - Draw Clicked
2017-10-09 01:18:35,890  INFO [AWT-EventQueue-0] - buttonLogger.actionPerformed 40 - Play Clicked
2017-10-09 01:19:05,982  INFO [AWT-EventQueue-0] - buttonLogger.actionPerformed 35 - Draw Clicked
2017-10-09 01:22:46,094  INFO [AWT-EventQueue-0] - buttonLogger.actionPerformed 35 - Draw Clicked
2017-10-09 01:23:08,617  INFO [AWT-EventQueue-0] - buttonLogger.actionPerformed 35 - Draw Clicked
2017-10-09 01:23:13,910  INFO [AWT-EventQueue-0] - buttonLogger.actionPerformed 35 - Draw Clicked
2017-10-09 01:23:15,616  INFO [AWT-EventQueue-0] - buttonLogger.actionPerformed 35 - Draw Clicked
2017-10-09 01:23:15,836  INFO [AWT-EventQueue-0] - buttonLogger.actionPerformed 35 - Draw Clicked
2017-10-09 01:23:16,116  INFO [AWT-EventQueue-0] - buttonLogger.actionPerformed 35 - Draw Clicked
2017-10-09 01:23:21,039  INFO [AWT-EventQueue-0] - buttonLogger.actionPerformed 40 - Play Clicked
2017-10-09 02:01:41,974  INFO [AWT-EventQueue-0] - buttonLogger.actionPerformed 35 - Draw Clicked
2017-10-09 02:01:43,207  INFO [AWT-EventQueue-0] - buttonLogger.actionPerformed 35 - Draw Clicked
2017-10-09 02:01:43,617  INFO [AWT-EventQueue-0] - buttonLogger.actionPerformed 35 - Draw Clicked
2017-10-09 02:01:44,043  INFO [AWT-EventQueue-0] - buttonLogger.actionPerformed 35 - Draw Clicked
2017-10-09 02:01:44,338  INFO [AWT-EventQueue-0] - buttonLogger.actionPerformed 35 - Draw Clicked
2017-10-09 02:01:44,618  INFO [AWT-EventQueue-0] - buttonLogger.actionPerformed 35 - Draw Clicked
2017-10-09 02:01:44,879  INFO [AWT-EventQueue-0] - buttonLogger.actionPerformed 35 - Draw Clicked
2017-10-09 02:02:31,189  INFO [AWT-EventQueue-0] - buttonLogger.actionPerformed 35 - Draw Clicked
2017-10-09 02:02:33,254  INFO [AWT-EventQueue-0] - buttonLogger.actionPerformed 40 - Play Clicked
2017-10-09 10:44:32,606  INFO [AWT-EventQueue-0] - buttonLogger.actionPerformed 35 - Draw Clicked
2017-10-09 10:44:33,492  INFO [AWT-EventQueue-0] - buttonLogger.actionPerformed 40 - Play Clicked
2017-10-09 10:44:34,561  INFO [AWT-EventQueue-0] - buttonLogger.actionPerformed 40 - Play Clicked
2017-10-09 10:51:50,370  INFO [AWT-EventQueue-0] - buttonLogger.actionPerformed 35 - Draw Clicked
2017-10-09 10:51:51,034  INFO [AWT-EventQueue-0] - buttonLogger.actionPerformed 40 - Play Clicked
2017-10-09 10:52:11,413  INFO [AWT-EventQueue-0] - buttonLogger.actionPerformed 35 - Draw Clicked
2017-10-09 10:52:13,061  INFO [AWT-EventQueue-0] - buttonLogger.actionPerformed 40 - Play Clicked
2017-10-09 10:52:23,578  INFO [AWT-EventQueue-0] - buttonLogger.actionPerformed 35 - Draw Clicked
2017-10-09 10:52:24,537  INFO [AWT-EventQueue-0] - buttonLogger.actionPerformed 35 - Draw Clicked
2017-10-09 10:53:01,244  INFO [AWT-EventQueue-0] - buttonLogger.actionPerformed 35 - Draw Clicked
2017-10-09 10:53:40,539  INFO [AWT-EventQueue-0] - buttonLogger.actionPerformed 35 - Draw Clicked
2017-10-09 10:54:15,984  INFO [AWT-EventQueue-0] - buttonLogger.actionPerformed 35 - Draw Clicked
2017-10-09 10:54:25,104  INFO [AWT-EventQueue-0] - buttonLogger.actionPerformed 35 - Draw Clicked
2017-10-09 10:54:30,666  INFO [AWT-EventQueue-0] - buttonLogger.actionPerformed 40 - Play Clicked
2017-10-09 10:55:01,566  INFO [AWT-EventQueue-0] - buttonLogger.actionPerformed 35 - Draw Clicked
2017-10-09 10:55:21,270  INFO [AWT-EventQueue-0] - buttonLogger.actionPerformed 35 - Draw Clicked
2017-10-09 10:55:28,457  INFO [AWT-EventQueue-0] - buttonLogger.actionPerformed 35 - Draw Clicked
2017-10-09 10:55:29,469  INFO [AWT-EventQueue-0] - buttonLogger.actionPerformed 35 - Draw Clicked
2017-10-09 10:55:57,091  INFO [AWT-EventQueue-0] - buttonLogger.actionPerformed 35 - Draw Clicked
2017-10-09 10:56:08,554  INFO [AWT-EventQueue-0] - buttonLogger.actionPerformed 35 - Draw Clicked
2017-10-09 10:56:15,922  INFO [AWT-EventQueue-0] - buttonLogger.actionPerformed 40 - Play Clicked
2017-10-09 10:59:25,926  INFO [AWT-EventQueue-0] - buttonLogger.actionPerformed 35 - Draw Clicked
2017-10-09 10:59:37,462  INFO [AWT-EventQueue-0] - buttonLogger.actionPerformed 35 - Draw Clicked
2017-10-09 11:00:02,916  INFO [AWT-EventQueue-0] - buttonLogger.actionPerformed 35 - Draw Clicked
2017-10-09 11:00:09,719  INFO [AWT-EventQueue-0] - buttonLogger.actionPerformed 40 - Play Clicked
2017-10-09 11:01:01,797  INFO [AWT-EventQueue-0] - buttonLogger.actionPerformed 35 - Draw Clicked
2017-10-09 11:01:02,880  INFO [AWT-EventQueue-0] - buttonLogger.actionPerformed 40 - Play Clicked
2017-10-09 11:11:10,382  INFO [AWT-EventQueue-0] - buttonLogger.actionPerformed 35 - Draw Clicked
2017-10-09 11:11:30,310  INFO [AWT-EventQueue-0] - buttonLogger.actionPerformed 35 - Draw Clicked
2017-10-09 11:12:11,082  INFO [AWT-EventQueue-0] - buttonLogger.actionPerformed 35 - Draw Clicked
2017-10-09 11:12:14,168  INFO [AWT-EventQueue-0] - buttonLogger.actionPerformed 40 - Play Clicked
2017-10-09 11:12:52,373  INFO [AWT-EventQueue-0] - buttonLogger.actionPerformed 35 - Draw Clicked
2017-10-09 11:12:53,070  INFO [AWT-EventQueue-0] - buttonLogger.actionPerformed 40 - Play Clicked
2017-10-09 11:13:06,876  INFO [AWT-EventQueue-0] - buttonLogger.actionPerformed 35 - Draw Clicked
2017-10-09 11:15:30,253  INFO [AWT-EventQueue-0] - buttonLogger.actionPerformed 35 - Draw Clicked
2017-10-09 11:15:30,754  INFO [AWT-EventQueue-0] - buttonLogger.actionPerformed 40 - Play Clicked
2017-10-09 11:15:31,463  INFO [AWT-EventQueue-0] - buttonLogger.actionPerformed 40 - Play Clicked
2017-10-09 12:21:22,336  INFO [AWT-EventQueue-0] - buttonLogger.actionPerformed 41 - GAME_LOSE Clicked
2017-10-09 12:21:30,454  INFO [AWT-EventQueue-0] - buttonLogger.actionPerformed 35 - Draw Clicked
2017-10-09 12:21:48,252  INFO [AWT-EventQueue-0] - buttonLogger.actionPerformed 41 - GAME_LOSE Clicked
2017-10-09 12:21:51,068  INFO [AWT-EventQueue-0] - buttonLogger.actionPerformed 35 - Draw Clicked
2017-10-09 12:22:15,221  INFO [AWT-EventQueue-0] - buttonLogger.actionPerformed 36 - GAME_WIN Clicked
2017-10-09 12:22:17,692  INFO [AWT-EventQueue-0] - buttonLogger.actionPerformed 35 - Draw Clicked
2017-10-09 12:22:21,407  INFO [AWT-EventQueue-0] - buttonLogger.actionPerformed 40 - Play Clicked
2017-10-09 12:22:23,265  INFO [AWT-EventQueue-0] - buttonLogger.actionPerformed 40 - Play Clicked
2017-10-09 12:22:23,477  INFO [AWT-EventQueue-0] - buttonLogger.actionPerformed 40 - Play Clicked
2017-10-09 12:22:40,359  INFO [AWT-EventQueue-0] - buttonLogger.actionPerformed 41 - GAME_LOSE Clicked
2017-10-09 12:22:41,445  INFO [AWT-EventQueue-0] - buttonLogger.actionPerformed 35 - Draw Clicked
2017-10-09 12:24:14,164  INFO [AWT-EventQueue-0] - buttonLogger.actionPerformed 41 - GAME_LOSE Clicked
2017-10-09 12:24:19,453  INFO [AWT-EventQueue-0] - buttonLogger.actionPerformed 35 - Draw Clicked
2017-10-09 12:24:47,032  INFO [AWT-EventQueue-0] - buttonLogger.actionPerformed 36 - GAME_WIN Clicked
2017-10-09 12:24:49,463  INFO [AWT-EventQueue-0] - buttonLogger.actionPerformed 35 - Draw Clicked
2017-10-09 12:24:50,766  INFO [AWT-EventQueue-0] - buttonLogger.actionPerformed 40 - Play Clicked
2017-10-09 12:29:34,460  INFO [AWT-EventQueue-0] - buttonLogger.actionPerformed 36 - GAME_WIN Clicked
2017-10-09 12:32:54,646  INFO [AWT-EventQueue-0] - buttonLogger.actionPerformed 36 - GAME_WIN Clicked
2017-10-09 12:33:02,724  INFO [AWT-EventQueue-0] - buttonLogger.actionPerformed 35 - Draw Clicked
2017-10-09 12:34:19,637  INFO [AWT-EventQueue-0] - buttonLogger.actionPerformed 41 - GAME_LOSE Clicked
2017-10-09 12:34:22,424  INFO [AWT-EventQueue-0] - buttonLogger.actionPerformed 35 - Draw Clicked
2017-10-09 12:34:42,087  INFO [AWT-EventQueue-0] - buttonLogger.actionPerformed 36 - GAME_WIN Clicked
2017-10-09 12:34:44,861  INFO [AWT-EventQueue-0] - buttonLogger.actionPerformed 35 - Draw Clicked
2017-10-09 12:35:40,393  INFO [AWT-EventQueue-0] - buttonLogger.actionPerformed 40 - Play Clicked
2017-10-09 12:36:27,794  INFO [AWT-EventQueue-0] - buttonLogger.actionPerformed 41 - GAME_LOSE Clicked
2017-10-09 12:36:29,291  INFO [AWT-EventQueue-0] - buttonLogger.actionPerformed 35 - Draw Clicked
2017-10-09 12:40:10,345  INFO [AWT-EventQueue-0] - buttonLogger.actionPerformed 35 - Draw Clicked
2017-10-09 12:40:14,465  INFO [AWT-EventQueue-0] - buttonLogger.actionPerformed 40 - Play Clicked
2017-10-09 12:40:19,425  INFO [AWT-EventQueue-0] - buttonLogger.actionPerformed 40 - Play Clicked
2017-10-09 12:40:19,638  INFO [AWT-EventQueue-0] - buttonLogger.actionPerformed 40 - Play Clicked
2017-10-09 12:40:25,839  INFO [AWT-EventQueue-0] - buttonLogger.actionPerformed 35 - Draw Clicked
2017-10-09 12:40:29,918  INFO [AWT-EventQueue-0] - buttonLogger.actionPerformed 40 - Play Clicked
2017-10-09 12:42:31,046  INFO [AWT-EventQueue-0] - buttonLogger.actionPerformed 41 - GAME_LOSE Clicked
2017-10-09 12:42:34,126  INFO [AWT-EventQueue-0] - buttonLogger.actionPerformed 35 - Draw Clicked
2017-10-09 12:42:56,052  INFO [AWT-EventQueue-0] - buttonLogger.actionPerformed 36 - GAME_WIN Clicked
2017-10-09 12:46:21,455  INFO [AWT-EventQueue-0] - buttonLogger.actionPerformed 41 - GAME_LOSE Clicked
2017-10-09 12:46:23,168  INFO [AWT-EventQueue-0] - buttonLogger.actionPerformed 35 - Draw Clicked
2017-10-09 12:50:57,259  INFO [AWT-EventQueue-0] - buttonLogger.actionPerformed 41 - GAME_LOSE Clicked
2017-10-09 12:50:59,681  INFO [AWT-EventQueue-0] - buttonLogger.actionPerformed 35 - Draw Clicked
2017-10-09 12:51:27,119  INFO [AWT-EventQueue-0] - buttonLogger.actionPerformed 36 - GAME_WIN Clicked
2017-10-09 12:51:29,435  INFO [AWT-EventQueue-0] - buttonLogger.actionPerformed 35 - Draw Clicked
2017-10-09 12:51:32,653  INFO [AWT-EventQueue-0] - buttonLogger.actionPerformed 40 - Play Clicked
2017-10-09 12:51:41,365  INFO [AWT-EventQueue-0] - buttonLogger.actionPerformed 35 - Draw Clicked
2017-10-09 12:54:57,865  INFO [AWT-EventQueue-0] - buttonLogger.actionPerformed 35 - Draw Clicked
2017-10-09 12:54:58,717  INFO [AWT-EventQueue-0] - buttonLogger.actionPerformed 40 - Play Clicked
2017-10-09 12:55:41,921  INFO [AWT-EventQueue-0] - buttonLogger.actionPerformed 36 - GAME_WIN Clicked
2017-10-09 12:55:44,213  INFO [AWT-EventQueue-0] - buttonLogger.actionPerformed 35 - Draw Clicked
2017-10-09 12:56:02,177  INFO [AWT-EventQueue-0] - buttonLogger.actionPerformed 41 - GAME_LOSE Clicked
2017-10-09 12:56:04,231  INFO [AWT-EventQueue-0] - buttonLogger.actionPerformed 35 - Draw Clicked
2017-10-09 12:56:05,353  INFO [AWT-EventQueue-0] - buttonLogger.actionPerformed 40 - Play Clicked
2017-10-09 12:57:25,117  INFO [AWT-EventQueue-0] - buttonLogger.actionPerformed 41 - GAME_LOSE Clicked
2017-10-09 12:57:31,384  INFO [AWT-EventQueue-0] - buttonLogger.actionPerformed 35 - Draw Clicked
2017-10-09 12:57:33,432  INFO [AWT-EventQueue-0] - buttonLogger.actionPerformed 40 - Play Clicked
2017-10-09 12:58:03,338  INFO [AWT-EventQueue-0] - buttonLogger.actionPerformed 41 - GAME_LOSE Clicked
2017-10-09 12:58:05,788  INFO [AWT-EventQueue-0] - buttonLogger.actionPerformed 35 - Draw Clicked
2017-10-09 12:59:22,512  INFO [AWT-EventQueue-0] - buttonLogger.actionPerformed 35 - Draw Clicked
2017-10-09 12:59:33,439  INFO [AWT-EventQueue-0] - buttonLogger.actionPerformed 35 - Draw Clicked
2017-10-09 13:01:30,370  INFO [AWT-EventQueue-0] - buttonLogger.actionPerformed 36 - GAME_WIN Clicked
2017-10-09 13:01:33,588  INFO [AWT-EventQueue-0] - buttonLogger.actionPerformed 35 - Draw Clicked
2017-10-09 13:01:56,280  INFO [AWT-EventQueue-0] - buttonLogger.actionPerformed 41 - GAME_LOSE Clicked
2017-10-09 13:01:58,899  INFO [AWT-EventQueue-0] - buttonLogger.actionPerformed 35 - Draw Clicked
2017-10-09 13:01:59,826  INFO [AWT-EventQueue-0] - buttonLogger.actionPerformed 40 - Play Clicked
2017-10-09 13:02:14,241  INFO [AWT-EventQueue-0] - buttonLogger.actionPerformed 35 - Draw Clicked
2017-10-09 13:03:20,082  INFO [AWT-EventQueue-0] - buttonLogger.actionPerformed 36 - GAME_WIN Clicked
2017-10-09 13:03:27,081  INFO [AWT-EventQueue-0] - buttonLogger.actionPerformed 35 - Draw Clicked
2017-10-09 13:04:46,235  INFO [AWT-EventQueue-0] - buttonLogger.actionPerformed 36 - GAME_WIN Clicked
2017-10-09 13:04:48,478  INFO [AWT-EventQueue-0] - buttonLogger.actionPerformed 35 - Draw Clicked
2017-10-09 13:05:09,075  INFO [AWT-EventQueue-0] - buttonLogger.actionPerformed 41 - GAME_LOSE Clicked
2017-10-09 13:05:10,543  INFO [AWT-EventQueue-0] - buttonLogger.actionPerformed 35 - Draw Clicked
2017-10-09 13:05:11,158  INFO [AWT-EventQueue-0] - buttonLogger.actionPerformed 40 - Play Clicked
2017-10-09 13:05:35,968  INFO [AWT-EventQueue-0] - buttonLogger.actionPerformed 35 - Draw Clicked
2017-10-09 13:06:20,821  INFO [AWT-EventQueue-0] - buttonLogger.actionPerformed 35 - Draw Clicked
2017-10-09 13:06:21,493  INFO [AWT-EventQueue-0] - buttonLogger.actionPerformed 40 - Play Clicked
2017-10-09 13:07:08,750  INFO [AWT-EventQueue-0] - buttonLogger.actionPerformed 41 - GAME_LOSE Clicked
2017-10-09 13:07:11,042  INFO [AWT-EventQueue-0] - buttonLogger.actionPerformed 35 - Draw Clicked
2017-10-09 13:13:30,306  INFO [AWT-EventQueue-0] - buttonLogger.actionPerformed 36 - GAME_WIN Clicked
2017-10-09 13:13:32,356  INFO [AWT-EventQueue-0] - buttonLogger.actionPerformed 36 - Draw Clicked
2017-10-09 13:14:06,231  INFO [AWT-EventQueue-0] - buttonLogger.actionPerformed 36 - GAME_WIN Clicked
2017-10-09 13:14:08,655  INFO [AWT-EventQueue-0] - buttonLogger.actionPerformed 36 - Draw Clicked
2017-10-09 13:14:35,034  INFO [AWT-EventQueue-0] - buttonLogger.actionPerformed 41 - GAME_LOSE Clicked
2017-10-09 13:14:41,367  INFO [AWT-EventQueue-0] - buttonLogger.actionPerformed 36 - Draw Clicked
2017-10-09 13:14:44,356  INFO [AWT-EventQueue-0] - buttonLogger.actionPerformed 41 - Play Clicked
2017-10-09 13:14:56,826  INFO [AWT-EventQueue-0] - buttonLogger.actionPerformed 36 - Draw Clicked
2017-10-09 13:15:01,864  INFO [AWT-EventQueue-0] - buttonLogger.actionPerformed 36 - Draw Clicked
2017-10-09 13:15:08,246  INFO [AWT-EventQueue-0] - buttonLogger.actionPerformed 36 - Draw Clicked
2017-10-09 13:15:20,614  INFO [AWT-EventQueue-0] - buttonLogger.actionPerformed 36 - Draw Clicked
2017-10-09 13:15:35,314  INFO [AWT-EventQueue-0] - buttonLogger.actionPerformed 41 - GAME_LOSE Clicked
2017-10-09 13:15:36,584  INFO [AWT-EventQueue-0] - buttonLogger.actionPerformed 36 - Draw Clicked
2017-10-09 13:15:50,338  INFO [AWT-EventQueue-0] - buttonLogger.actionPerformed 41 - GAME_LOSE Clicked
2017-10-09 13:15:52,445  INFO [AWT-EventQueue-0] - buttonLogger.actionPerformed 36 - Draw Clicked
2017-10-09 13:16:07,118  INFO [AWT-EventQueue-0] - buttonLogger.actionPerformed 41 - Play Clicked
2017-10-09 13:17:26,667  INFO [AWT-EventQueue-0] - buttonLogger.actionPerformed 36 - GAME_WIN Clicked
2017-10-09 13:17:29,106  INFO [AWT-EventQueue-0] - buttonLogger.actionPerformed 36 - Draw Clicked
2017-10-09 13:17:56,145  INFO [AWT-EventQueue-0] - buttonLogger.actionPerformed 41 - GAME_LOSE Clicked
2017-10-09 13:17:58,328  INFO [AWT-EventQueue-0] - buttonLogger.actionPerformed 36 - Draw Clicked
2017-10-09 13:18:00,930  INFO [AWT-EventQueue-0] - buttonLogger.actionPerformed 36 - Draw Clicked
2017-10-09 13:18:04,772  INFO [AWT-EventQueue-0] - buttonLogger.actionPerformed 41 - Play Clicked
2017-10-09 13:19:32,378  INFO [AWT-EventQueue-0] - buttonLogger.actionPerformed 36 - Draw Clicked
2017-10-09 13:20:02,887  INFO [AWT-EventQueue-0] - buttonLogger.actionPerformed 41 - GAME_LOSE Clicked
2017-10-09 13:20:06,064  INFO [AWT-EventQueue-0] - buttonLogger.actionPerformed 36 - Draw Clicked
2017-10-09 13:20:22,328  INFO [AWT-EventQueue-0] - buttonLogger.actionPerformed 36 - GAME_WIN Clicked
2017-10-09 13:20:24,465  INFO [AWT-EventQueue-0] - buttonLogger.actionPerformed 36 - Draw Clicked
2017-10-09 13:20:27,131  INFO [AWT-EventQueue-0] - buttonLogger.actionPerformed 41 - Play Clicked
2017-10-09 13:24:28,830  INFO [AWT-EventQueue-0] - buttonLogger.actionPerformed 36 - Draw Clicked
2017-10-09 13:25:22,353  INFO [AWT-EventQueue-0] - buttonLogger.actionPerformed 36 - Draw Clicked
2017-10-09 13:25:38,740  INFO [AWT-EventQueue-0] - buttonLogger.actionPerformed 36 - GAME_WIN Clicked
2017-10-09 13:25:42,038  INFO [AWT-EventQueue-0] - buttonLogger.actionPerformed 36 - Draw Clicked
2017-10-09 13:25:46,857  INFO [AWT-EventQueue-0] - buttonLogger.actionPerformed 41 - Play Clicked
2017-10-09 13:29:46,495  INFO [AWT-EventQueue-0] - buttonLogger.actionPerformed 36 - Draw Clicked
2017-10-09 13:30:19,555  INFO [AWT-EventQueue-0] - buttonLogger.actionPerformed 41 - GAME_LOSE Clicked
2017-10-09 13:30:24,808  INFO [AWT-EventQueue-0] - buttonLogger.actionPerformed 36 - Draw Clicked
2017-10-09 13:30:36,852  INFO [AWT-EventQueue-0] - buttonLogger.actionPerformed 41 - GAME_LOSE Clicked
2017-10-09 13:30:39,637  INFO [AWT-EventQueue-0] - buttonLogger.actionPerformed 36 - Draw Clicked
2017-10-09 13:30:53,534  INFO [AWT-EventQueue-0] - buttonLogger.actionPerformed 36 - GAME_WIN Clicked
2017-10-09 13:30:56,018  INFO [AWT-EventQueue-0] - buttonLogger.actionPerformed 36 - Draw Clicked
2017-10-09 13:31:02,295  INFO [AWT-EventQueue-0] - buttonLogger.actionPerformed 41 - Play Clicked
2017-10-09 13:31:16,432  INFO [AWT-EventQueue-0] - buttonLogger.actionPerformed 50 - Save Clicked
2017-10-09 13:32:03,853  INFO [AWT-EventQueue-0] - buttonLogger.actionPerformed 36 - GAME_WIN Clicked
2017-10-09 13:32:08,784  INFO [AWT-EventQueue-0] - buttonLogger.actionPerformed 36 - Draw Clicked
